2020-07-21T23:30:17+00:00 CRITICAL Object of class WP_Query could not be converted to string in C:\xampp\htdocs\almango\wp-content\themes\blankTheme\functions.php on line 181

2020-07-21T23:48:05+00:00 CRITICAL Uncaught Error: Call to a member function get_price_html() on bool in C:\xampp\htdocs\almango\wp-content\themes\blankTheme\templates\template-brands.php:182
Stack trace:
#0 C:\xampp\htdocs\almango\wp-includes\template-loader.php(78): include()
#1 C:\xampp\htdocs\almango\wp-blog-header.php(19): require_once('C:\\xampp\\htdocs...')
#2 C:\xampp\htdocs\almango\index.php(17): require('C:\\xampp\\htdocs...')
#3 {main}
  thrown in C:\xampp\htdocs\almango\wp-content\themes\blankTheme\templates\template-brands.php on line 182

2020-07-21T23:49:20+00:00 CRITICAL Uncaught Error: Call to a member function get_price_html() on bool in C:\xampp\htdocs\almango\wp-content\themes\blankTheme\templates\template-brands.php:183
Stack trace:
#0 C:\xampp\htdocs\almango\wp-includes\template-loader.php(78): include()
#1 C:\xampp\htdocs\almango\wp-blog-header.php(19): require_once('C:\\xampp\\htdocs...')
#2 C:\xampp\htdocs\almango\index.php(17): require('C:\\xampp\\htdocs...')
#3 {main}
  thrown in C:\xampp\htdocs\almango\wp-content\themes\blankTheme\templates\template-brands.php on line 183

2020-07-21T23:50:29+00:00 CRITICAL Uncaught Error: Call to a member function get_price_html() on bool in C:\xampp\htdocs\almango\wp-content\themes\blankTheme\templates\template-brands.php:183
Stack trace:
#0 C:\xampp\htdocs\almango\wp-includes\template-loader.php(78): include()
#1 C:\xampp\htdocs\almango\wp-blog-header.php(19): require_once('C:\\xampp\\htdocs...')
#2 C:\xampp\htdocs\almango\index.php(17): require('C:\\xampp\\htdocs...')
#3 {main}
  thrown in C:\xampp\htdocs\almango\wp-content\themes\blankTheme\templates\template-brands.php on line 183

2020-07-21T23:52:47+00:00 CRITICAL Uncaught Error: Call to a member function get_price_html() on bool in C:\xampp\htdocs\almango\wp-content\themes\blankTheme\templates\template-brands.php:184
Stack trace:
#0 C:\xampp\htdocs\almango\wp-includes\template-loader.php(78): include()
#1 C:\xampp\htdocs\almango\wp-blog-header.php(19): require_once('C:\\xampp\\htdocs...')
#2 C:\xampp\htdocs\almango\index.php(17): require('C:\\xampp\\htdocs...')
#3 {main}
  thrown in C:\xampp\htdocs\almango\wp-content\themes\blankTheme\templates\template-brands.php on line 184

2020-07-21T23:53:29+00:00 CRITICAL Uncaught Error: Call to a member function get_price_html() on bool in C:\xampp\htdocs\almango\wp-content\themes\blankTheme\templates\template-brands.php:184
Stack trace:
#0 C:\xampp\htdocs\almango\wp-includes\template-loader.php(78): include()
#1 C:\xampp\htdocs\almango\wp-blog-header.php(19): require_once('C:\\xampp\\htdocs...')
#2 C:\xampp\htdocs\almango\index.php(17): require('C:\\xampp\\htdocs...')
#3 {main}
  thrown in C:\xampp\htdocs\almango\wp-content\themes\blankTheme\templates\template-brands.php on line 184

2020-07-21T23:54:25+00:00 CRITICAL Uncaught Error: Call to a member function get_price_html() on bool in C:\xampp\htdocs\almango\wp-content\themes\blankTheme\templates\template-brands.php:184
Stack trace:
#0 C:\xampp\htdocs\almango\wp-includes\template-loader.php(78): include()
#1 C:\xampp\htdocs\almango\wp-blog-header.php(19): require_once('C:\\xampp\\htdocs...')
#2 C:\xampp\htdocs\almango\index.php(17): require('C:\\xampp\\htdocs...')
#3 {main}
  thrown in C:\xampp\htdocs\almango\wp-content\themes\blankTheme\templates\template-brands.php on line 184

2020-07-21T23:55:19+00:00 CRITICAL Uncaught Error: Call to a member function get_price_html() on bool in C:\xampp\htdocs\almango\wp-content\themes\blankTheme\templates\template-brands.php:184
Stack trace:
#0 C:\xampp\htdocs\almango\wp-includes\template-loader.php(78): include()
#1 C:\xampp\htdocs\almango\wp-blog-header.php(19): require_once('C:\\xampp\\htdocs...')
#2 C:\xampp\htdocs\almango\index.php(17): require('C:\\xampp\\htdocs...')
#3 {main}
  thrown in C:\xampp\htdocs\almango\wp-content\themes\blankTheme\templates\template-brands.php on line 184

2020-07-21T23:56:02+00:00 CRITICAL Uncaught Error: Call to a member function get_price_html() on bool in C:\xampp\htdocs\almango\wp-content\themes\blankTheme\templates\template-brands.php:183
Stack trace:
#0 C:\xampp\htdocs\almango\wp-includes\template-loader.php(78): include()
#1 C:\xampp\htdocs\almango\wp-blog-header.php(19): require_once('C:\\xampp\\htdocs...')
#2 C:\xampp\htdocs\almango\index.php(17): require('C:\\xampp\\htdocs...')
#3 {main}
  thrown in C:\xampp\htdocs\almango\wp-content\themes\blankTheme\templates\template-brands.php on line 183

2020-07-21T23:56:39+00:00 CRITICAL Uncaught Error: Call to a member function get_price_html() on bool in C:\xampp\htdocs\almango\wp-content\themes\blankTheme\templates\template-brands.php:184
Stack trace:
#0 C:\xampp\htdocs\almango\wp-includes\template-loader.php(78): include()
#1 C:\xampp\htdocs\almango\wp-blog-header.php(19): require_once('C:\\xampp\\htdocs...')
#2 C:\xampp\htdocs\almango\index.php(17): require('C:\\xampp\\htdocs...')
#3 {main}
  thrown in C:\xampp\htdocs\almango\wp-content\themes\blankTheme\templates\template-brands.php on line 184

2020-07-21T23:57:08+00:00 CRITICAL Uncaught Error: Call to a member function get_price_html() on bool in C:\xampp\htdocs\almango\wp-content\themes\blankTheme\templates\template-brands.php:184
Stack trace:
#0 C:\xampp\htdocs\almango\wp-includes\template-loader.php(78): include()
#1 C:\xampp\htdocs\almango\wp-blog-header.php(19): require_once('C:\\xampp\\htdocs...')
#2 C:\xampp\htdocs\almango\index.php(17): require('C:\\xampp\\htdocs...')
#3 {main}
  thrown in C:\xampp\htdocs\almango\wp-content\themes\blankTheme\templates\template-brands.php on line 184

2020-07-21T23:57:10+00:00 CRITICAL Uncaught Error: Call to a member function get_price_html() on bool in C:\xampp\htdocs\almango\wp-content\themes\blankTheme\templates\template-brands.php:184
Stack trace:
#0 C:\xampp\htdocs\almango\wp-includes\template-loader.php(78): include()
#1 C:\xampp\htdocs\almango\wp-blog-header.php(19): require_once('C:\\xampp\\htdocs...')
#2 C:\xampp\htdocs\almango\index.php(17): require('C:\\xampp\\htdocs...')
#3 {main}
  thrown in C:\xampp\htdocs\almango\wp-content\themes\blankTheme\templates\template-brands.php on line 184

