2020-08-16T01:04:24+00:00 CRITICAL Uncaught Error: Call to a member function get_item_count() on bool in C:\xampp\htdocs\almango\wp-content\themes\blankTheme\woocommerce\myaccount\orders.php:33
Stack trace:
#0 C:\xampp\htdocs\almango\wp-content\plugins\woocommerce\includes\wc-core-functions.php(249): include()
#1 C:\xampp\htdocs\almango\wp-content\plugins\woocommerce\includes\wc-template-functions.php(3066): wc_get_template('myaccount/order...', Array)
#2 C:\xampp\htdocs\almango\wp-includes\class-wp-hook.php(286): woocommerce_account_orders(1)
#3 C:\xampp\htdocs\almango\wp-includes\class-wp-hook.php(310): WP_Hook->apply_filters('', Array)
#4 C:\xampp\htdocs\almango\wp-includes\plugin.php(465): WP_Hook->do_action(Array)
#5 C:\xampp\htdocs\almango\wp-content\plugins\woocommerce\includes\wc-template-functions.php(3015): do_action('woocommerce_acc...', '')
#6 C:\xampp\htdocs\almango\wp-includes\class-wp-hook.php(286): woocommerce_account_content('')
#7 C:\xampp\htdocs\almango\wp-includes\class-wp-hook.php(310): WP_Hook->apply_filters(NULL, Array)
 in C:\xampp\htdocs\almango\wp-content\themes\blankTheme\woocommerce\myaccount\orders.php on line 33

2020-08-16T01:05:39+00:00 CRITICAL Uncaught Error: Call to a member function get_item_count() on bool in C:\xampp\htdocs\almango\wp-content\themes\blankTheme\woocommerce\myaccount\orders.php:34
Stack trace:
#0 C:\xampp\htdocs\almango\wp-content\plugins\woocommerce\includes\wc-core-functions.php(249): include()
#1 C:\xampp\htdocs\almango\wp-content\plugins\woocommerce\includes\wc-template-functions.php(3066): wc_get_template('myaccount/order...', Array)
#2 C:\xampp\htdocs\almango\wp-includes\class-wp-hook.php(286): woocommerce_account_orders(1)
#3 C:\xampp\htdocs\almango\wp-includes\class-wp-hook.php(310): WP_Hook->apply_filters('', Array)
#4 C:\xampp\htdocs\almango\wp-includes\plugin.php(465): WP_Hook->do_action(Array)
#5 C:\xampp\htdocs\almango\wp-content\plugins\woocommerce\includes\wc-template-functions.php(3015): do_action('woocommerce_acc...', '')
#6 C:\xampp\htdocs\almango\wp-includes\class-wp-hook.php(286): woocommerce_account_content('')
#7 C:\xampp\htdocs\almango\wp-includes\class-wp-hook.php(310): WP_Hook->apply_filters(NULL, Array)
 in C:\xampp\htdocs\almango\wp-content\themes\blankTheme\woocommerce\myaccount\orders.php on line 34

2020-08-16T01:05:49+00:00 CRITICAL Uncaught Error: Call to a member function get_item_count() on bool in C:\xampp\htdocs\almango\wp-content\themes\blankTheme\woocommerce\myaccount\orders.php:34
Stack trace:
#0 C:\xampp\htdocs\almango\wp-content\plugins\woocommerce\includes\wc-core-functions.php(249): include()
#1 C:\xampp\htdocs\almango\wp-content\plugins\woocommerce\includes\wc-template-functions.php(3066): wc_get_template('myaccount/order...', Array)
#2 C:\xampp\htdocs\almango\wp-includes\class-wp-hook.php(286): woocommerce_account_orders(1)
#3 C:\xampp\htdocs\almango\wp-includes\class-wp-hook.php(310): WP_Hook->apply_filters('', Array)
#4 C:\xampp\htdocs\almango\wp-includes\plugin.php(465): WP_Hook->do_action(Array)
#5 C:\xampp\htdocs\almango\wp-content\plugins\woocommerce\includes\wc-template-functions.php(3015): do_action('woocommerce_acc...', '')
#6 C:\xampp\htdocs\almango\wp-includes\class-wp-hook.php(286): woocommerce_account_content('')
#7 C:\xampp\htdocs\almango\wp-includes\class-wp-hook.php(310): WP_Hook->apply_filters(NULL, Array)
 in C:\xampp\htdocs\almango\wp-content\themes\blankTheme\woocommerce\myaccount\orders.php on line 34

2020-08-16T01:06:15+00:00 CRITICAL Uncaught Error: Call to a member function get_view_order_url() on bool in C:\xampp\htdocs\almango\wp-content\themes\blankTheme\woocommerce\myaccount\orders.php:36
Stack trace:
#0 C:\xampp\htdocs\almango\wp-content\plugins\woocommerce\includes\wc-core-functions.php(249): include()
#1 C:\xampp\htdocs\almango\wp-content\plugins\woocommerce\includes\wc-template-functions.php(3066): wc_get_template('myaccount/order...', Array)
#2 C:\xampp\htdocs\almango\wp-includes\class-wp-hook.php(286): woocommerce_account_orders(1)
#3 C:\xampp\htdocs\almango\wp-includes\class-wp-hook.php(310): WP_Hook->apply_filters('', Array)
#4 C:\xampp\htdocs\almango\wp-includes\plugin.php(465): WP_Hook->do_action(Array)
#5 C:\xampp\htdocs\almango\wp-content\plugins\woocommerce\includes\wc-template-functions.php(3015): do_action('woocommerce_acc...', '')
#6 C:\xampp\htdocs\almango\wp-includes\class-wp-hook.php(286): woocommerce_account_content('')
#7 C:\xampp\htdocs\almango\wp-includes\class-wp-hook.php(310): WP_Hook->apply_filters(NULL, Arr in C:\xampp\htdocs\almango\wp-content\themes\blankTheme\woocommerce\myaccount\orders.php on line 36

2020-08-16T01:44:34+00:00 CRITICAL syntax error, unexpected 'do_action' (T_STRING) in C:\xampp\htdocs\almango\wp-content\themes\blankTheme\woocommerce\myaccount\dashboard.php on line 68

2020-08-16T01:44:53+00:00 CRITICAL syntax error, unexpected 'do_action' (T_STRING) in C:\xampp\htdocs\almango\wp-content\themes\blankTheme\woocommerce\myaccount\dashboard.php on line 68

