2020-07-27T15:45:05+00:00 CRITICAL Uncaught Error: Call to undefined function money_format() in C:\xampp\htdocs\almango\wp-content\themes\blankTheme\woocommerce\single-product.php:158
Stack trace:
#0 C:\xampp\htdocs\almango\wp-includes\template-loader.php(78): include()
#1 C:\xampp\htdocs\almango\wp-blog-header.php(19): require_once('C:\\xampp\\htdocs...')
#2 C:\xampp\htdocs\almango\index.php(17): require('C:\\xampp\\htdocs...')
#3 {main}
  thrown in C:\xampp\htdocs\almango\wp-content\themes\blankTheme\woocommerce\single-product.php on line 158

2020-07-27T15:46:33+00:00 CRITICAL Uncaught Error: Call to undefined function money_format() in C:\xampp\htdocs\almango\wp-content\themes\blankTheme\woocommerce\single-product.php:158
Stack trace:
#0 C:\xampp\htdocs\almango\wp-includes\template-loader.php(78): include()
#1 C:\xampp\htdocs\almango\wp-blog-header.php(19): require_once('C:\\xampp\\htdocs...')
#2 C:\xampp\htdocs\almango\index.php(17): require('C:\\xampp\\htdocs...')
#3 {main}
  thrown in C:\xampp\htdocs\almango\wp-content\themes\blankTheme\woocommerce\single-product.php on line 158

2020-07-27T19:01:56+00:00 CRITICAL Uncaught Error: Call to undefined function getget_the_terms() in C:\xampp\htdocs\almango\wp-content\themes\blankTheme\woocommerce\single-product.php:89
Stack trace:
#0 C:\xampp\htdocs\almango\wp-includes\template-loader.php(78): include()
#1 C:\xampp\htdocs\almango\wp-blog-header.php(19): require_once('C:\\xampp\\htdocs...')
#2 C:\xampp\htdocs\almango\index.php(17): require('C:\\xampp\\htdocs...')
#3 {main}
  thrown in C:\xampp\htdocs\almango\wp-content\themes\blankTheme\woocommerce\single-product.php on line 89

2020-07-27T19:10:16+00:00 CRITICAL syntax error, unexpected end of file in C:\xampp\htdocs\almango\wp-content\themes\blankTheme\woocommerce\single-product.php on line 1003

2020-07-27T19:10:45+00:00 CRITICAL syntax error, unexpected end of file in C:\xampp\htdocs\almango\wp-content\themes\blankTheme\woocommerce\single-product.php on line 1002

2020-07-27T19:12:39+00:00 CRITICAL syntax error, unexpected end of file in C:\xampp\htdocs\almango\wp-content\themes\blankTheme\woocommerce\single-product.php on line 990

