2020-06-23T03:07:56+00:00 CRITICAL Uncaught Error: Call to a member function get_price_html() on bool in C:\xampp\htdocs\almango\wp-content\themes\blankTheme\template-home.php:175
Stack trace:
#0 C:\xampp\htdocs\almango\wp-includes\template-loader.php(78): include()
#1 C:\xampp\htdocs\almango\wp-blog-header.php(19): require_once('C:\\xampp\\htdocs...')
#2 C:\xampp\htdocs\almango\index.php(17): require('C:\\xampp\\htdocs...')
#3 {main}
  thrown in C:\xampp\htdocs\almango\wp-content\themes\blankTheme\template-home.php on line 175

2020-06-23T03:14:24+00:00 CRITICAL Uncaught Error: Call to a member function get_price_html() on bool in C:\xampp\htdocs\almango\wp-content\themes\blankTheme\template-home.php:175
Stack trace:
#0 C:\xampp\htdocs\almango\wp-includes\template-loader.php(78): include()
#1 C:\xampp\htdocs\almango\wp-blog-header.php(19): require_once('C:\\xampp\\htdocs...')
#2 C:\xampp\htdocs\almango\index.php(17): require('C:\\xampp\\htdocs...')
#3 {main}
  thrown in C:\xampp\htdocs\almango\wp-content\themes\blankTheme\template-home.php on line 175

2020-06-23T03:14:58+00:00 CRITICAL Uncaught Error: Call to a member function get_price_html() on bool in C:\xampp\htdocs\almango\wp-content\themes\blankTheme\template-home.php:175
Stack trace:
#0 C:\xampp\htdocs\almango\wp-includes\template-loader.php(78): include()
#1 C:\xampp\htdocs\almango\wp-blog-header.php(19): require_once('C:\\xampp\\htdocs...')
#2 C:\xampp\htdocs\almango\index.php(17): require('C:\\xampp\\htdocs...')
#3 {main}
  thrown in C:\xampp\htdocs\almango\wp-content\themes\blankTheme\template-home.php on line 175

2020-06-23T03:15:10+00:00 CRITICAL Uncaught Error: Call to a member function get_price_html() on bool in C:\xampp\htdocs\almango\wp-content\themes\blankTheme\template-home.php:175
Stack trace:
#0 C:\xampp\htdocs\almango\wp-includes\template-loader.php(78): include()
#1 C:\xampp\htdocs\almango\wp-blog-header.php(19): require_once('C:\\xampp\\htdocs...')
#2 C:\xampp\htdocs\almango\index.php(17): require('C:\\xampp\\htdocs...')
#3 {main}
  thrown in C:\xampp\htdocs\almango\wp-content\themes\blankTheme\template-home.php on line 175

2020-06-23T03:28:51+00:00 CRITICAL Uncaught Error: Call to a member function get_price_html() on bool in C:\xampp\htdocs\almango\wp-content\themes\blankTheme\template-home.php:175
Stack trace:
#0 C:\xampp\htdocs\almango\wp-includes\template-loader.php(78): include()
#1 C:\xampp\htdocs\almango\wp-blog-header.php(19): require_once('C:\\xampp\\htdocs...')
#2 C:\xampp\htdocs\almango\index.php(17): require('C:\\xampp\\htdocs...')
#3 {main}
  thrown in C:\xampp\htdocs\almango\wp-content\themes\blankTheme\template-home.php on line 175

2020-06-23T03:28:55+00:00 CRITICAL Uncaught Error: Call to a member function get_price_html() on bool in C:\xampp\htdocs\almango\wp-content\themes\blankTheme\template-home.php:175
Stack trace:
#0 C:\xampp\htdocs\almango\wp-includes\template-loader.php(78): include()
#1 C:\xampp\htdocs\almango\wp-blog-header.php(19): require_once('C:\\xampp\\htdocs...')
#2 C:\xampp\htdocs\almango\index.php(17): require('C:\\xampp\\htdocs...')
#3 {main}
  thrown in C:\xampp\htdocs\almango\wp-content\themes\blankTheme\template-home.php on line 175

2020-06-23T03:29:35+00:00 CRITICAL Uncaught Error: Call to a member function get_price_html() on bool in C:\xampp\htdocs\almango\wp-content\themes\blankTheme\template-home.php:175
Stack trace:
#0 C:\xampp\htdocs\almango\wp-includes\template-loader.php(78): include()
#1 C:\xampp\htdocs\almango\wp-blog-header.php(19): require_once('C:\\xampp\\htdocs...')
#2 C:\xampp\htdocs\almango\index.php(17): require('C:\\xampp\\htdocs...')
#3 {main}
  thrown in C:\xampp\htdocs\almango\wp-content\themes\blankTheme\template-home.php on line 175

2020-06-23T03:29:38+00:00 CRITICAL Uncaught Error: Call to a member function get_price_html() on bool in C:\xampp\htdocs\almango\wp-content\themes\blankTheme\template-home.php:175
Stack trace:
#0 C:\xampp\htdocs\almango\wp-includes\template-loader.php(78): include()
#1 C:\xampp\htdocs\almango\wp-blog-header.php(19): require_once('C:\\xampp\\htdocs...')
#2 C:\xampp\htdocs\almango\index.php(17): require('C:\\xampp\\htdocs...')
#3 {main}
  thrown in C:\xampp\htdocs\almango\wp-content\themes\blankTheme\template-home.php on line 175

2020-06-23T03:29:57+00:00 CRITICAL Uncaught Error: Call to a member function get_price_html() on bool in C:\xampp\htdocs\almango\wp-content\themes\blankTheme\template-home.php:175
Stack trace:
#0 C:\xampp\htdocs\almango\wp-includes\template-loader.php(78): include()
#1 C:\xampp\htdocs\almango\wp-blog-header.php(19): require_once('C:\\xampp\\htdocs...')
#2 C:\xampp\htdocs\almango\index.php(17): require('C:\\xampp\\htdocs...')
#3 {main}
  thrown in C:\xampp\htdocs\almango\wp-content\themes\blankTheme\template-home.php on line 175

2020-06-23T03:33:10+00:00 CRITICAL Uncaught Error: Call to a member function get_price_html() on bool in C:\xampp\htdocs\almango\wp-content\themes\blankTheme\template-home.php:175
Stack trace:
#0 C:\xampp\htdocs\almango\wp-includes\template-loader.php(78): include()
#1 C:\xampp\htdocs\almango\wp-blog-header.php(19): require_once('C:\\xampp\\htdocs...')
#2 C:\xampp\htdocs\almango\index.php(17): require('C:\\xampp\\htdocs...')
#3 {main}
  thrown in C:\xampp\htdocs\almango\wp-content\themes\blankTheme\template-home.php on line 175

2020-06-23T03:33:44+00:00 CRITICAL Uncaught Error: Call to a member function get_price_html() on bool in C:\xampp\htdocs\almango\wp-content\themes\blankTheme\template-home.php:175
Stack trace:
#0 C:\xampp\htdocs\almango\wp-includes\template-loader.php(78): include()
#1 C:\xampp\htdocs\almango\wp-blog-header.php(19): require_once('C:\\xampp\\htdocs...')
#2 C:\xampp\htdocs\almango\index.php(17): require('C:\\xampp\\htdocs...')
#3 {main}
  thrown in C:\xampp\htdocs\almango\wp-content\themes\blankTheme\template-home.php on line 175

2020-06-23T03:34:50+00:00 CRITICAL Uncaught Error: Call to a member function get_price_html() on bool in C:\xampp\htdocs\almango\wp-content\themes\blankTheme\template-home.php:175
Stack trace:
#0 C:\xampp\htdocs\almango\wp-includes\template-loader.php(78): include()
#1 C:\xampp\htdocs\almango\wp-blog-header.php(19): require_once('C:\\xampp\\htdocs...')
#2 C:\xampp\htdocs\almango\index.php(17): require('C:\\xampp\\htdocs...')
#3 {main}
  thrown in C:\xampp\htdocs\almango\wp-content\themes\blankTheme\template-home.php on line 175

2020-06-23T03:35:22+00:00 CRITICAL Uncaught Error: Call to a member function get_price_html() on bool in C:\xampp\htdocs\almango\wp-content\themes\blankTheme\template-home.php:175
Stack trace:
#0 C:\xampp\htdocs\almango\wp-includes\template-loader.php(78): include()
#1 C:\xampp\htdocs\almango\wp-blog-header.php(19): require_once('C:\\xampp\\htdocs...')
#2 C:\xampp\htdocs\almango\index.php(17): require('C:\\xampp\\htdocs...')
#3 {main}
  thrown in C:\xampp\htdocs\almango\wp-content\themes\blankTheme\template-home.php on line 175

2020-06-23T03:35:28+00:00 CRITICAL Uncaught Error: Call to a member function get_price_html() on bool in C:\xampp\htdocs\almango\wp-content\themes\blankTheme\template-home.php:175
Stack trace:
#0 C:\xampp\htdocs\almango\wp-includes\template-loader.php(78): include()
#1 C:\xampp\htdocs\almango\wp-blog-header.php(19): require_once('C:\\xampp\\htdocs...')
#2 C:\xampp\htdocs\almango\index.php(17): require('C:\\xampp\\htdocs...')
#3 {main}
  thrown in C:\xampp\htdocs\almango\wp-content\themes\blankTheme\template-home.php on line 175

2020-06-23T03:35:58+00:00 CRITICAL Uncaught Error: Call to a member function get_price_html() on bool in C:\xampp\htdocs\almango\wp-content\themes\blankTheme\template-home.php:175
Stack trace:
#0 C:\xampp\htdocs\almango\wp-includes\template-loader.php(78): include()
#1 C:\xampp\htdocs\almango\wp-blog-header.php(19): require_once('C:\\xampp\\htdocs...')
#2 C:\xampp\htdocs\almango\index.php(17): require('C:\\xampp\\htdocs...')
#3 {main}
  thrown in C:\xampp\htdocs\almango\wp-content\themes\blankTheme\template-home.php on line 175

2020-06-23T03:36:25+00:00 CRITICAL Uncaught Error: Call to a member function get_price_html() on bool in C:\xampp\htdocs\almango\wp-content\themes\blankTheme\template-home.php:175
Stack trace:
#0 C:\xampp\htdocs\almango\wp-includes\template-loader.php(78): include()
#1 C:\xampp\htdocs\almango\wp-blog-header.php(19): require_once('C:\\xampp\\htdocs...')
#2 C:\xampp\htdocs\almango\index.php(17): require('C:\\xampp\\htdocs...')
#3 {main}
  thrown in C:\xampp\htdocs\almango\wp-content\themes\blankTheme\template-home.php on line 175

2020-06-23T03:36:48+00:00 CRITICAL Uncaught Error: Call to a member function get_price_html() on bool in C:\xampp\htdocs\almango\wp-content\themes\blankTheme\template-home.php:175
Stack trace:
#0 C:\xampp\htdocs\almango\wp-includes\template-loader.php(78): include()
#1 C:\xampp\htdocs\almango\wp-blog-header.php(19): require_once('C:\\xampp\\htdocs...')
#2 C:\xampp\htdocs\almango\index.php(17): require('C:\\xampp\\htdocs...')
#3 {main}
  thrown in C:\xampp\htdocs\almango\wp-content\themes\blankTheme\template-home.php on line 175

2020-06-23T03:38:26+00:00 CRITICAL Uncaught Error: Call to a member function get_price_html() on bool in C:\xampp\htdocs\almango\wp-content\themes\blankTheme\template-home.php:175
Stack trace:
#0 C:\xampp\htdocs\almango\wp-includes\template-loader.php(78): include()
#1 C:\xampp\htdocs\almango\wp-blog-header.php(19): require_once('C:\\xampp\\htdocs...')
#2 C:\xampp\htdocs\almango\index.php(17): require('C:\\xampp\\htdocs...')
#3 {main}
  thrown in C:\xampp\htdocs\almango\wp-content\themes\blankTheme\template-home.php on line 175

