2020-06-26T21:48:01+00:00 CRITICAL Uncaught Error: Cannot use object of type WP_Term as array in C:\xampp\htdocs\almango\wp-content\themes\blankTheme\templates\template-brands.php:146
Stack trace:
#0 C:\xampp\htdocs\almango\wp-includes\template-loader.php(78): include()
#1 C:\xampp\htdocs\almango\wp-blog-header.php(19): require_once('C:\\xampp\\htdocs...')
#2 C:\xampp\htdocs\almango\index.php(17): require('C:\\xampp\\htdocs...')
#3 {main}
  thrown in C:\xampp\htdocs\almango\wp-content\themes\blankTheme\templates\template-brands.php on line 146

2020-06-26T21:59:01+00:00 CRITICAL Uncaught Error: Call to a member function price_html() on bool in C:\xampp\htdocs\almango\wp-content\themes\blankTheme\templates\template-brands.php:167
Stack trace:
#0 C:\xampp\htdocs\almango\wp-includes\template-loader.php(78): include()
#1 C:\xampp\htdocs\almango\wp-blog-header.php(19): require_once('C:\\xampp\\htdocs...')
#2 C:\xampp\htdocs\almango\index.php(17): require('C:\\xampp\\htdocs...')
#3 {main}
  thrown in C:\xampp\htdocs\almango\wp-content\themes\blankTheme\templates\template-brands.php on line 167

2020-06-26T21:59:31+00:00 CRITICAL Uncaught Error: Call to a member function get_price() on bool in C:\xampp\htdocs\almango\wp-content\themes\blankTheme\templates\template-brands.php:167
Stack trace:
#0 C:\xampp\htdocs\almango\wp-includes\template-loader.php(78): include()
#1 C:\xampp\htdocs\almango\wp-blog-header.php(19): require_once('C:\\xampp\\htdocs...')
#2 C:\xampp\htdocs\almango\index.php(17): require('C:\\xampp\\htdocs...')
#3 {main}
  thrown in C:\xampp\htdocs\almango\wp-content\themes\blankTheme\templates\template-brands.php on line 167

2020-06-26T22:00:16+00:00 CRITICAL Uncaught Error: Call to undefined method WC_Product_Simple::price_html() in C:\xampp\htdocs\almango\wp-content\themes\blankTheme\templates\template-brands.php:167
Stack trace:
#0 C:\xampp\htdocs\almango\wp-includes\template-loader.php(78): include()
#1 C:\xampp\htdocs\almango\wp-blog-header.php(19): require_once('C:\\xampp\\htdocs...')
#2 C:\xampp\htdocs\almango\index.php(17): require('C:\\xampp\\htdocs...')
#3 {main}
  thrown in C:\xampp\htdocs\almango\wp-content\themes\blankTheme\templates\template-brands.php on line 167

